....................................................................................................
....................................................................................................
....................................................................................................
....................................................................................................
....................................................................................................
....................................................................................................
....................................................................................................
....................................................................................................
....................6797............................................................................
....................8..5............................................87..............................
...................9...5.9..........................................869.............................
..................995..9.9............................................69............................
..................7.6855569.......78788978............................6.............................
..................8.....7........66.8.987.............................7.............................
................7.8.67.973.78....6...9..8............................86.............................
...............77.659....986.....9..66................................7.............................
...............9968........76....6..9.................................989987........................
.................8..........7747.98876...............................69.887.........................
.................6687..........777.9.59..............................7..5...........................
.................9.9...........6......59................................5...........................
...............................9.98...9...............................775...........................
...............................988.....................................5............................
............................5675...................................82981............................
............................9.8....................................8................................
..........................998.2....................................9.7..............................
..........................88..7....................................7789.............................
..............................9.................99...................95.............................
..............................99.......835...782469...................46............................
............................875........8.42908....5....................7.........7..................
.............................77........67...9.....67...................9..79..7988..................
..............................6.8522487699........78659....677....8...8397772676....................
..............................886....7...............8554369.7...87..9...9..9..7758447..............
...............................9959.....................8..7.88.6475555993...........77..9..........
.............................968..9........................9.8687...9.7.8............69687..........
...............................95.5.............................8..................878.9.7..........
................................6.7.............................29...............8697..9............
................................8..8................8........8.69............8...7..68..............
..............................86988776..............9899.....968...........78445966..9..............
............................797..9...6.............77789......9............6......9.................
.....................88......9..89...47............9..9....8867............7......87................
......................9..99556..8.....78.........96...758....9...........896........................
.....................97338......6.................56...8855407............697.......................
.....................3..........7..................876849.7...............7.8.......................
.....................9.................................6........................7...................
.....................9.................................6........................87..9...............
.....................5.................................76........................68.9...............
....................76..................................8..................7.....9.98...............
.....................5..................................3..8...............8....9998................
...................7.5..................................6.97.........9..9..99...9..76...............
...................8798.................................687.7..78....9..8.86....6...7...............
....................997....................9............9.5867..86..9497698...969..677..............
....................6...........7........6969...........98.......79988..6.8...9.....7...............
...................69...........7...........986........868....6.869..........67.....................
..................868...........877797.......7........66......988............86.....................
.................8.9....8........9.9987......8.....7796.79..79888...........48......................
...............665.97.8659.........98......6.7....888.798.869..6.......87..49.......................
................7..8..5.............7.....99689...6769..495.8.8.7......88598........................
............8.6698856877............78.....889888577....8.96..786......9.8..........................
............6967886................769659967.8...8.9.......5768.78.....9............................
...........86....86.................8.99...9..............66....8.....68............................
...........7.....8.....................79.779.............7...786...8.98............................
.................8.........................87....8.9.....776...99889799.6...........................
.................76.........................192296896......68........9.776..........................
.............9..66...........................8.8.9..86.....9.........97999.786......................
.............9..879..............................769.8................6.76.7.6......................
.............7688.4197............................596978.................897........................
.............8.....9..............................6.96.89.................6.........................
...................6................6..............96...9.................8.........................
..................87................7...............8.7.8...........................................
...................67............69997................968...........................................
...................6.............79778..........7787668868..........................................
....................................78686......968..8..6..67........................................
.....................................6888........7..6869887.........................................
.....................................998....6......988....988.......................................
.....................................6.658955.......7.....99........................................
.....................................96...5.........4.....9778......................................
........................................987559..399.48......9.7.....................................
..........................................7..7576.787.......9596....................................
........................................86999.9...9.6.......96.7....................................
..............................6........659....97.6............89....................................
............................7.9.78..7..6..6....986.............6....................................
............................897745496.788.66.6699...................................................
............................88.....6679.679.........................................................
....................................8976..76.....68.................................................
......................................69..8.....67..................................................
.....................................6699.67798996..................................................
...........................................9.689....................................................
...............................................769..................................................
....................................................................................................
....................................................................................................
....................................................................................................
....................................................................................................
....................................................................................................
....................................................................................................
....................................................................................................
....................................................................................................
....................................................................................................
....................................................................................................
....................................................................................................
....................................................................................................
